0 info it worked if it ends with ok
1 verbose cli [ '/usr/local/opt/nvm/versions/node/v6.2.2/bin/node',
1 verbose cli   '/usr/local/opt/nvm/versions/node/v6.2.2/bin/npm',
1 verbose cli   'start' ]
2 info using npm@3.9.5
3 info using node@v6.2.2
4 verbose run-script [ 'prestart', 'start', 'poststart' ]
5 info lifecycle modular-mobx-boilerplate@0.0.5~prestart: modular-mobx-boilerplate@0.0.5
6 silly lifecycle modular-mobx-boilerplate@0.0.5~prestart: no script for prestart, continuing
7 info lifecycle modular-mobx-boilerplate@0.0.5~start: modular-mobx-boilerplate@0.0.5
8 verbose lifecycle modular-mobx-boilerplate@0.0.5~start: unsafe-perm in lifecycle true
9 verbose lifecycle modular-mobx-boilerplate@0.0.5~start: PATH: /usr/local/opt/nvm/versions/node/v6.2.2/lib/node_modules/npm/bin/node-gyp-bin:/Users/madgenius/repos/mygit/modular-mobx-boilerplate/node_modules/.bin:/usr/local/opt/nvm/versions/node/v6.2.2/bin:/usr/local/opt/nvm/versions/node/v6.2.2/bin:/Users/madgenius/.rbenv/shims:/usr/local/bin:/usr/bin:/bin:/usr/sbin:/sbin:/Users/madgenius/gopath/bin:/usr/local/Cellar/go/1.3.3/libexec/bin:/usr/local/Cellar/android-sdk/23.0.2/tools:/Users/madgenius/repos/golang/bin:/usr/local/Cellar/android-sdk/23.0.2/tools:/Users/madgenius/.composer/vendor/bin
10 verbose lifecycle modular-mobx-boilerplate@0.0.5~start: CWD: /Users/madgenius/repos/mygit/modular-mobx-boilerplate
11 silly lifecycle modular-mobx-boilerplate@0.0.5~start: Args: [ '-c', 'node server.js' ]
12 silly lifecycle modular-mobx-boilerplate@0.0.5~start: Returned: code: 1  signal: null
13 info lifecycle modular-mobx-boilerplate@0.0.5~start: Failed to exec start script
14 verbose stack Error: modular-mobx-boilerplate@0.0.5 start: `node server.js`
14 verbose stack Exit status 1
14 verbose stack     at EventEmitter.<anonymous> (/usr/local/opt/nvm/versions/node/v6.2.2/lib/node_modules/npm/lib/utils/lifecycle.js:245:16)
14 verbose stack     at emitTwo (events.js:106:13)
14 verbose stack     at EventEmitter.emit (events.js:191:7)
14 verbose stack     at ChildProcess.<anonymous> (/usr/local/opt/nvm/versions/node/v6.2.2/lib/node_modules/npm/lib/utils/spawn.js:24:14)
14 verbose stack     at emitTwo (events.js:106:13)
14 verbose stack     at ChildProcess.emit (events.js:191:7)
14 verbose stack     at maybeClose (internal/child_process.js:852:16)
14 verbose stack     at Process.ChildProcess._handle.onexit (internal/child_process.js:215:5)
15 verbose pkgid modular-mobx-boilerplate@0.0.5
16 verbose cwd /Users/madgenius/repos/mygit/modular-mobx-boilerplate
17 error Darwin 14.5.0
18 error argv "/usr/local/opt/nvm/versions/node/v6.2.2/bin/node" "/usr/local/opt/nvm/versions/node/v6.2.2/bin/npm" "start"
19 error node v6.2.2
20 error npm  v3.9.5
21 error code ELIFECYCLE
22 error modular-mobx-boilerplate@0.0.5 start: `node server.js`
22 error Exit status 1
23 error Failed at the modular-mobx-boilerplate@0.0.5 start script 'node server.js'.
23 error Make sure you have the latest version of node.js and npm installed.
23 error If you do, this is most likely a problem with the modular-mobx-boilerplate package,
23 error not with npm itself.
23 error Tell the author that this fails on your system:
23 error     node server.js
23 error You can get information on how to open an issue for this project with:
23 error     npm bugs modular-mobx-boilerplate
23 error Or if that isn't available, you can get their info via:
23 error     npm owner ls modular-mobx-boilerplate
23 error There is likely additional logging output above.
24 verbose exit [ 1, true ]
